# JRE version: OpenJDK Runtime Environment Microsoft-9889606 (21.0.4+7) (build 21.0.4+7-LTS)
# Java VM: OpenJDK 64-Bit Server VM Microsoft-9889606 (21.0.4+7-LTS, mixed mode, sharing, tiered, compressed oops, compressed class ptrs, g1 gc, windows-amd64)
GC Precious Log:
 CardTable entry size: 512
 Card Set container configuration: InlinePtr #cards 5 size 8 Array Of Cards #cards 12 size 40 Howl #buckets 4 coarsen threshold 1843 Howl Bitmap #cards 512 size 80 coarsen threshold 460 Card regions per heap region 1 cards per card region 2048
 CPUs: 12 total, 12 available
 Memory: 5989M
 Large Page Support: Disabled
 NUMA Support: Disabled
 Compressed Oops: Enabled (32-bit)
 Heap Region Size: 1M
 Heap Min Capacity: 8M
 Heap Initial Capacity: 94M
 Heap Max Capacity: 1498M
 Pre-touch: Disabled
 Parallel Workers: 10
 Concurrent Workers: 3
 Concurrent Refinement Workers: 10
 Periodic GC: Disabled
Heap:
 garbage-first heap   total 128000K, used 87233K [0x00000000a2600000, 0x0000000100000000)
  region size 1024K, 9 young (9216K), 4 survivors (4096K)
 Metaspace       used 89362K, committed 90368K, reserved 1179648K
  class space    used 11513K, committed 11968K, reserved 1048576K
GC Heap History (20 events):
Event: 2658.225 GC heap before
{Heap before GC invocations=66 (full 3):
 garbage-first heap   total 107520K, used 96780K [0x00000000a2600000, 0x0000000100000000)
  region size 1024K, 39 young (39936K), 3 survivors (3072K)
 Metaspace       used 87453K, committed 88256K, reserved 1179648K
  class space    used 11391K, committed 11776K, reserved 1048576K
}
Event: 2658.251 GC heap after
{Heap after GC invocations=67 (full 3):
 garbage-first heap   total 107520K, used 63968K [0x00000000a2600000, 0x0000000100000000)
  region size 1024K, 5 young (5120K), 5 survivors (5120K)
 Metaspace       used 87453K, committed 88256K, reserved 1179648K
  class space    used 11391K, committed 11776K, reserved 1048576K
}
Event: 2664.107 GC heap before
{Heap before GC invocations=68 (full 3):
 garbage-first heap   total 107520K, used 95712K [0x00000000a2600000, 0x0000000100000000)
  region size 1024K, 36 young (36864K), 5 survivors (5120K)
 Metaspace       used 87749K, committed 88640K, reserved 1179648K
  class space    used 11407K, committed 11776K, reserved 1048576K
}
Event: 2664.121 GC heap after
{Heap after GC invocations=69 (full 3):
 garbage-first heap   total 107520K, used 66215K [0x00000000a2600000, 0x0000000100000000)
  region size 1024K, 4 young (4096K), 4 survivors (4096K)
 Metaspace       used 87749K, committed 88640K, reserved 1179648K
  class space    used 11407K, committed 11776K, reserved 1048576K
}
Event: 2665.072 GC heap before
{Heap before GC invocations=69 (full 3):
 garbage-first heap   total 107520K, used 94887K [0x00000000a2600000, 0x0000000100000000)
  region size 1024K, 33 young (33792K), 4 survivors (4096K)
 Metaspace       used 87856K, committed 88704K, reserved 1179648K
  class space    used 11414K, committed 11776K, reserved 1048576K
}
Event: 2665.079 GC heap after
{Heap after GC invocations=70 (full 3):
 garbage-first heap   total 107520K, used 67223K [0x00000000a2600000, 0x0000000100000000)
  region size 1024K, 3 young (3072K), 3 survivors (3072K)
 Metaspace       used 87856K, committed 88704K, reserved 1179648K
  class space    used 11414K, committed 11776K, reserved 1048576K
}
Event: 2667.499 GC heap before
{Heap before GC invocations=70 (full 3):
 garbage-first heap   total 107520K, used 96919K [0x00000000a2600000, 0x0000000100000000)
  region size 1024K, 33 young (33792K), 3 survivors (3072K)
 Metaspace       used 88149K, committed 89024K, reserved 1179648K
  class space    used 11437K, committed 11840K, reserved 1048576K
}
Event: 2667.507 GC heap after
{Heap after GC invocations=71 (full 3):
 garbage-first heap   total 107520K, used 69905K [0x00000000a2600000, 0x0000000100000000)
  region size 1024K, 4 young (4096K), 4 survivors (4096K)
 Metaspace       used 88149K, committed 89024K, reserved 1179648K
  class space    used 11437K, committed 11840K, reserved 1048576K
}
Event: 2668.152 GC heap before
{Heap before GC invocations=72 (full 3):
 garbage-first heap   total 119808K, used 94481K [0x00000000a2600000, 0x0000000100000000)
  region size 1024K, 28 young (28672K), 4 survivors (4096K)
 Metaspace       used 88206K, committed 89088K, reserved 1179648K
  class space    used 11441K, committed 11840K, reserved 1048576K
}
Event: 2668.159 GC heap after
{Heap after GC invocations=73 (full 3):
 garbage-first heap   total 119808K, used 71160K [0x00000000a2600000, 0x0000000100000000)
  region size 1024K, 3 young (3072K), 3 survivors (3072K)
 Metaspace       used 88206K, committed 89088K, reserved 1179648K
  class space    used 11441K, committed 11840K, reserved 1048576K
}
Event: 2673.825 GC heap before
{Heap before GC invocations=73 (full 3):
 garbage-first heap   total 119808K, used 107000K [0x00000000a2600000, 0x0000000100000000)
  region size 1024K, 39 young (39936K), 3 survivors (3072K)
 Metaspace       used 88538K, committed 89408K, reserved 1179648K
  class space    used 11460K, committed 11840K, reserved 1048576K
}
Event: 2673.838 GC heap after
{Heap after GC invocations=74 (full 3):
 garbage-first heap   total 119808K, used 73065K [0x00000000a2600000, 0x0000000100000000)
  region size 1024K, 5 young (5120K), 5 survivors (5120K)
 Metaspace       used 88538K, committed 89408K, reserved 1179648K
  class space    used 11460K, committed 11840K, reserved 1048576K
}
Event: 2674.660 GC heap before
{Heap before GC invocations=74 (full 3):
 garbage-first heap   total 119808K, used 105833K [0x00000000a2600000, 0x0000000100000000)
  region size 1024K, 38 young (38912K), 5 survivors (5120K)
 Metaspace       used 88721K, committed 89664K, reserved 1179648K
  class space    used 11473K, committed 11904K, reserved 1048576K
}
Event: 2674.672 GC heap after
{Heap after GC invocations=75 (full 3):
 garbage-first heap   total 119808K, used 75862K [0x00000000a2600000, 0x0000000100000000)
  region size 1024K, 4 young (4096K), 4 survivors (4096K)
 Metaspace       used 88721K, committed 89664K, reserved 1179648K
  class space    used 11473K, committed 11904K, reserved 1048576K
}
Event: 2679.348 GC heap before
{Heap before GC invocations=76 (full 3):
 garbage-first heap   total 128000K, used 106582K [0x00000000a2600000, 0x0000000100000000)
  region size 1024K, 35 young (35840K), 4 survivors (4096K)
 Metaspace       used 88946K, committed 89920K, reserved 1179648K
  class space    used 11486K, committed 11904K, reserved 1048576K
}
Event: 2679.356 GC heap after
{Heap after GC invocations=77 (full 3):
 garbage-first heap   total 128000K, used 78644K [0x00000000a2600000, 0x0000000100000000)
  region size 1024K, 4 young (4096K), 4 survivors (4096K)
 Metaspace       used 88946K, committed 89920K, reserved 1179648K
  class space    used 11486K, committed 11904K, reserved 1048576K
}
Event: 2680.623 GC heap before
{Heap before GC invocations=77 (full 3):
 garbage-first heap   total 128000K, used 114484K [0x00000000a2600000, 0x0000000100000000)
  region size 1024K, 40 young (40960K), 4 survivors (4096K)
 Metaspace       used 89259K, committed 90176K, reserved 1179648K
  class space    used 11503K, committed 11904K, reserved 1048576K
}
Event: 2680.638 GC heap after
{Heap after GC invocations=78 (full 3):
 garbage-first heap   total 128000K, used 80536K [0x00000000a2600000, 0x0000000100000000)
  region size 1024K, 4 young (4096K), 4 survivors (4096K)
 Metaspace       used 89259K, committed 90176K, reserved 1179648K
  class space    used 11503K, committed 11904K, reserved 1048576K
}
Event: 2683.268 GC heap before
{Heap before GC invocations=78 (full 3):
 garbage-first heap   total 128000K, used 115352K [0x00000000a2600000, 0x0000000100000000)
  region size 1024K, 38 young (38912K), 4 survivors (4096K)
 Metaspace       used 89355K, committed 90304K, reserved 1179648K
  class space    used 11512K, committed 11968K, reserved 1048576K
}
Event: 2683.276 GC heap after
{Heap after GC invocations=79 (full 3):
 garbage-first heap   total 128000K, used 83137K [0x00000000a2600000, 0x0000000100000000)
  region size 1024K, 4 young (4096K), 4 survivors (4096K)
 Metaspace       used 89355K, committed 90304K, reserved 1179648K
  class space    used 11512K, committed 11968K, reserved 1048576K
}

